<?xml version="1.0" encoding="UTF-8"?>
<coverage generated="1745961040127" clover="3.2.0">
  <project timestamp="1745961040127" name="All files">
    <metrics statements="51" coveredstatements="44" conditionals="41" coveredconditionals="32" methods="6" coveredmethods="6" elements="98" coveredelements="82" complexity="0" loc="51" ncloc="51" packages="1" files="1" classes="1"/>
    <file name="infer.ts" path="/workspaces/prisma-schema-infer/src/lib/infer.ts">
      <metrics statements="51" coveredstatements="44" conditionals="41" coveredconditionals="32" methods="6" coveredmethods="6"/>
      <line num="7" count="1" type="stmt"/>
      <line num="13" count="5" type="stmt"/>
      <line num="14" count="5" type="stmt"/>
      <line num="16" count="5" type="stmt"/>
      <line num="17" count="8" type="stmt"/>
      <line num="18" count="17" type="cond" truecount="2" falsecount="0"/>
      <line num="20" count="17" type="cond" truecount="1" falsecount="0"/>
      <line num="27" count="1" type="stmt"/>
      <line num="28" count="1" type="stmt"/>
      <line num="34" count="1" type="cond" truecount="1" falsecount="0"/>
      <line num="35" count="1" type="stmt"/>
      <line num="36" count="2" type="stmt"/>
      <line num="37" count="1" type="stmt"/>
      <line num="38" count="1" type="stmt"/>
      <line num="39" count="1" type="stmt"/>
      <line num="43" count="1" type="stmt"/>
      <line num="46" count="1" type="stmt"/>
      <line num="49" count="16" type="cond" truecount="2" falsecount="0"/>
      <line num="50" count="11" type="stmt"/>
      <line num="55" count="5" type="cond" truecount="0" falsecount="1"/>
      <line num="56" count="0" type="stmt"/>
      <line num="57" count="0" type="stmt"/>
      <line num="62" count="5" type="stmt"/>
      <line num="64" count="5" type="cond" truecount="1" falsecount="0"/>
      <line num="65" count="3" type="stmt"/>
      <line num="68" count="5" type="stmt"/>
      <line num="69" count="12" type="cond" truecount="2" falsecount="1"/>
      <line num="71" count="12" type="cond" truecount="1" falsecount="1"/>
      <line num="73" count="12" type="cond" truecount="1" falsecount="0"/>
      <line num="74" count="2" type="cond" truecount="2" falsecount="0"/>
      <line num="75" count="1" type="cond" truecount="1" falsecount="0"/>
      <line num="78" count="12" type="cond" truecount="1" falsecount="0"/>
      <line num="79" count="12" type="cond" truecount="1" falsecount="0"/>
      <line num="80" count="12" type="cond" truecount="2" falsecount="1"/>
      <line num="82" count="12" type="stmt"/>
      <line num="85" count="5" type="stmt"/>
      <line num="86" count="5" type="stmt"/>
      <line num="90" count="11" type="cond" truecount="2" falsecount="1"/>
      <line num="91" count="0" type="cond" truecount="0" falsecount="1"/>
      <line num="92" count="0" type="stmt"/>
      <line num="95" count="11" type="cond" truecount="1" falsecount="0"/>
      <line num="96" count="8" type="cond" truecount="1" falsecount="0"/>
      <line num="97" count="6" type="stmt"/>
      <line num="99" count="3" type="cond" truecount="2" falsecount="1"/>
      <line num="100" count="1" type="cond" truecount="1" falsecount="0"/>
      <line num="101" count="0" type="cond" truecount="0" falsecount="1"/>
      <line num="102" count="0" type="cond" truecount="0" falsecount="1"/>
      <line num="104" count="0" type="stmt"/>
      <line num="108" count="8" type="stmt"/>
      <line num="112" count="12" type="stmt"/>
      <line num="116" count="2" type="stmt"/>
    </file>
  </project>
</coverage>
