<?xml version="1.0" encoding="UTF-8"?>
<coverage generated="1745964103965" clover="3.2.0">
  <project timestamp="1745964103965" name="All files">
    <metrics statements="55" coveredstatements="50" conditionals="44" coveredconditionals="37" methods="6" coveredmethods="6" elements="105" coveredelements="93" complexity="0" loc="55" ncloc="55" packages="1" files="1" classes="1"/>
    <file name="infer.ts" path="/workspaces/prisma-schema-infer/src/lib/infer.ts">
      <metrics statements="55" coveredstatements="50" conditionals="44" coveredconditionals="37" methods="6" coveredmethods="6"/>
      <line num="8" count="1" type="stmt"/>
      <line num="14" count="6" type="stmt"/>
      <line num="15" count="6" type="stmt"/>
      <line num="16" count="6" type="stmt"/>
      <line num="17" count="6" type="stmt"/>
      <line num="19" count="6" type="stmt"/>
      <line num="20" count="10" type="stmt"/>
      <line num="21" count="19" type="cond" truecount="2" falsecount="0"/>
      <line num="22" count="19" type="cond" truecount="2" falsecount="0"/>
      <line num="23" count="19" type="stmt"/>
      <line num="25" count="19" type="cond" truecount="1" falsecount="0"/>
      <line num="32" count="1" type="stmt"/>
      <line num="33" count="1" type="stmt"/>
      <line num="39" count="1" type="cond" truecount="1" falsecount="0"/>
      <line num="40" count="1" type="stmt"/>
      <line num="41" count="2" type="stmt"/>
      <line num="42" count="1" type="stmt"/>
      <line num="43" count="1" type="stmt"/>
      <line num="44" count="1" type="stmt"/>
      <line num="48" count="1" type="stmt"/>
      <line num="50" count="1" type="stmt"/>
      <line num="53" count="18" type="cond" truecount="1" falsecount="0"/>
      <line num="54" count="13" type="stmt"/>
      <line num="63" count="6" type="stmt"/>
      <line num="64" count="14" type="cond" truecount="3" falsecount="0"/>
      <line num="65" count="5" type="stmt"/>
      <line num="69" count="6" type="stmt"/>
      <line num="71" count="6" type="cond" truecount="1" falsecount="0"/>
      <line num="72" count="4" type="stmt"/>
      <line num="75" count="6" type="stmt"/>
      <line num="76" count="14" type="cond" truecount="2" falsecount="1"/>
      <line num="78" count="14" type="cond" truecount="2" falsecount="0"/>
      <line num="80" count="14" type="cond" truecount="1" falsecount="0"/>
      <line num="81" count="2" type="cond" truecount="2" falsecount="0"/>
      <line num="82" count="1" type="cond" truecount="1" falsecount="0"/>
      <line num="85" count="14" type="cond" truecount="1" falsecount="0"/>
      <line num="86" count="14" type="cond" truecount="1" falsecount="0"/>
      <line num="87" count="14" type="cond" truecount="2" falsecount="1"/>
      <line num="89" count="14" type="stmt"/>
      <line num="92" count="6" type="stmt"/>
      <line num="93" count="6" type="stmt"/>
      <line num="97" count="13" type="cond" truecount="2" falsecount="1"/>
      <line num="98" count="0" type="cond" truecount="0" falsecount="1"/>
      <line num="99" count="0" type="stmt"/>
      <line num="102" count="13" type="cond" truecount="1" falsecount="0"/>
      <line num="103" count="10" type="cond" truecount="1" falsecount="0"/>
      <line num="104" count="8" type="stmt"/>
      <line num="106" count="3" type="cond" truecount="2" falsecount="1"/>
      <line num="107" count="1" type="cond" truecount="1" falsecount="0"/>
      <line num="108" count="0" type="cond" truecount="0" falsecount="1"/>
      <line num="109" count="0" type="cond" truecount="0" falsecount="1"/>
      <line num="111" count="0" type="stmt"/>
      <line num="115" count="10" type="stmt"/>
      <line num="119" count="14" type="stmt"/>
      <line num="123" count="2" type="stmt"/>
    </file>
  </project>
</coverage>
