{"/workspaces/prisma-schema-infer/src/lib/infer.ts": {"path":"/workspaces/prisma-schema-infer/src/lib/infer.ts","statementMap":{"0":{"start":{"line":7,"column":0},"end":{"line":7,"column":16}},"1":{"start":{"line":13,"column":19},"end":{"line":13,"column":91}},"2":{"start":{"line":14,"column":34},"end":{"line":14,"column":36}},"3":{"start":{"line":16,"column":2},"end":{"line":60,"column":3}},"4":{"start":{"line":17,"column":4},"end":{"line":59,"column":5}},"5":{"start":{"line":18,"column":25},"end":{"line":18,"column":62}},"6":{"start":{"line":20,"column":6},"end":{"line":47,"column":7}},"7":{"start":{"line":27,"column":32},"end":{"line":27,"column":71}},"8":{"start":{"line":28,"column":8},"end":{"line":32,"column":11}},"9":{"start":{"line":34,"column":8},"end":{"line":44,"column":9}},"10":{"start":{"line":35,"column":10},"end":{"line":35,"column":47}},"11":{"start":{"line":36,"column":10},"end":{"line":36,"column":108}},"12":{"start":{"line":36,"column":35},"end":{"line":36,"column":108}},"13":{"start":{"line":37,"column":30},"end":{"line":37,"column":121}},"14":{"start":{"line":38,"column":28},"end":{"line":38,"column":79}},"15":{"start":{"line":39,"column":31},"end":{"line":41,"column":null}},"16":{"start":{"line":43,"column":10},"end":{"line":43,"column":43}},"17":{"start":{"line":46,"column":8},"end":{"line":46,"column":17}},"18":{"start":{"line":49,"column":6},"end":{"line":58,"column":7}},"19":{"start":{"line":50,"column":8},"end":{"line":54,"column":11}},"20":{"start":{"line":55,"column":13},"end":{"line":58,"column":7}},"21":{"start":{"line":56,"column":25},"end":{"line":56,"column":43}},"22":{"start":{"line":57,"column":8},"end":{"line":57,"column":33}},"23":{"start":{"line":62,"column":16},"end":{"line":62,"column":35}},"24":{"start":{"line":64,"column":2},"end":{"line":66,"column":3}},"25":{"start":{"line":65,"column":4},"end":{"line":65,"column":51}},"26":{"start":{"line":68,"column":2},"end":{"line":83,"column":3}},"27":{"start":{"line":69,"column":4},"end":{"line":69,"column":71}},"28":{"start":{"line":69,"column":42},"end":{"line":69,"column":59}},"29":{"start":{"line":69,"column":62},"end":{"line":69,"column":71}},"30":{"start":{"line":71,"column":18},"end":{"line":71,"column":60}},"31":{"start":{"line":73,"column":4},"end":{"line":76,"column":5}},"32":{"start":{"line":74,"column":6},"end":{"line":75,"column":75}},"33":{"start":{"line":74,"column":29},"end":{"line":74,"column":64}},"34":{"start":{"line":75,"column":11},"end":{"line":75,"column":75}},"35":{"start":{"line":75,"column":31},"end":{"line":75,"column":75}},"36":{"start":{"line":78,"column":4},"end":{"line":78,"column":59}},"37":{"start":{"line":78,"column":29},"end":{"line":78,"column":59}},"38":{"start":{"line":79,"column":4},"end":{"line":79,"column":54}},"39":{"start":{"line":79,"column":29},"end":{"line":79,"column":54}},"40":{"start":{"line":80,"column":4},"end":{"line":80,"column":85}},"41":{"start":{"line":80,"column":51},"end":{"line":80,"column":85}},"42":{"start":{"line":82,"column":4},"end":{"line":82,"column":32}},"43":{"start":{"line":85,"column":2},"end":{"line":85,"column":18}},"44":{"start":{"line":86,"column":2},"end":{"line":86,"column":59}},"45":{"start":{"line":90,"column":2},"end":{"line":93,"column":3}},"46":{"start":{"line":91,"column":4},"end":{"line":91,"column":59}},"47":{"start":{"line":91,"column":43},"end":{"line":91,"column":59}},"48":{"start":{"line":92,"column":4},"end":{"line":92,"column":18}},"49":{"start":{"line":95,"column":2},"end":{"line":98,"column":3}},"50":{"start":{"line":96,"column":4},"end":{"line":96,"column":50}},"51":{"start":{"line":96,"column":32},"end":{"line":96,"column":50}},"52":{"start":{"line":97,"column":4},"end":{"line":97,"column":20}},"53":{"start":{"line":99,"column":2},"end":{"line":99,"column":82}},"54":{"start":{"line":99,"column":33},"end":{"line":99,"column":82}},"55":{"start":{"line":100,"column":2},"end":{"line":100,"column":51}},"56":{"start":{"line":100,"column":34},"end":{"line":100,"column":51}},"57":{"start":{"line":101,"column":2},"end":{"line":101,"column":42}},"58":{"start":{"line":101,"column":28},"end":{"line":101,"column":42}},"59":{"start":{"line":102,"column":2},"end":{"line":102,"column":47}},"60":{"start":{"line":102,"column":33},"end":{"line":102,"column":47}},"61":{"start":{"line":104,"column":2},"end":{"line":104,"column":16}},"62":{"start":{"line":108,"column":2},"end":{"line":108,"column":71}},"63":{"start":{"line":112,"column":2},"end":{"line":112,"column":27}},"64":{"start":{"line":116,"column":2},"end":{"line":116,"column":52}}},"fnMap":{"0":{"name":"inferPrismaSchemaModel","decl":{"start":{"line":7,"column":16},"end":{"line":7,"column":38}},"loc":{"start":{"line":11,"column":42},"end":{"line":87,"column":1}}},"1":{"name":"(anonymous_1)","decl":{"start":{"line":69,"column":35},"end":{"line":69,"column":36}},"loc":{"start":{"line":69,"column":42},"end":{"line":69,"column":59}}},"2":{"name":"inferType","decl":{"start":{"line":89,"column":9},"end":{"line":89,"column":18}},"loc":{"start":{"line":89,"column":43},"end":{"line":105,"column":1}}},"3":{"name":"isISODateString","decl":{"start":{"line":107,"column":9},"end":{"line":107,"column":24}},"loc":{"start":{"line":107,"column":38},"end":{"line":109,"column":1}}},"4":{"name":"isSnakeCase","decl":{"start":{"line":111,"column":9},"end":{"line":111,"column":20}},"loc":{"start":{"line":111,"column":32},"end":{"line":113,"column":1}}},"5":{"name":"capitalize","decl":{"start":{"line":115,"column":9},"end":{"line":115,"column":19}},"loc":{"start":{"line":115,"column":31},"end":{"line":117,"column":1}}}},"branchMap":{"0":{"loc":{"start":{"line":10,"column":2},"end":{"line":10,"column":32}},"type":"default-arg","locations":[{"start":{"line":10,"column":30},"end":{"line":10,"column":32}}]},"1":{"loc":{"start":{"line":11,"column":2},"end":{"line":11,"column":42}},"type":"default-arg","locations":[{"start":{"line":11,"column":33},"end":{"line":11,"column":42}}]},"2":{"loc":{"start":{"line":18,"column":25},"end":{"line":18,"column":62}},"type":"binary-expr","locations":[{"start":{"line":18,"column":25},"end":{"line":18,"column":39}},{"start":{"line":18,"column":43},"end":{"line":18,"column":62}}]},"3":{"loc":{"start":{"line":20,"column":6},"end":{"line":47,"column":7}},"type":"if","locations":[{"start":{"line":20,"column":6},"end":{"line":47,"column":7}}]},"4":{"loc":{"start":{"line":21,"column":8},"end":{"line":25,"column":32}},"type":"binary-expr","locations":[{"start":{"line":21,"column":8},"end":{"line":21,"column":31}},{"start":{"line":22,"column":8},"end":{"line":22,"column":28}},{"start":{"line":23,"column":8},"end":{"line":23,"column":24}},{"start":{"line":24,"column":8},"end":{"line":24,"column":36}},{"start":{"line":25,"column":8},"end":{"line":25,"column":32}}]},"5":{"loc":{"start":{"line":34,"column":8},"end":{"line":44,"column":9}},"type":"if","locations":[{"start":{"line":34,"column":8},"end":{"line":44,"column":9}}]},"6":{"loc":{"start":{"line":49,"column":6},"end":{"line":58,"column":7}},"type":"if","locations":[{"start":{"line":49,"column":6},"end":{"line":58,"column":7}},{"start":{"line":55,"column":13},"end":{"line":58,"column":7}}]},"7":{"loc":{"start":{"line":55,"column":13},"end":{"line":58,"column":7}},"type":"if","locations":[{"start":{"line":55,"column":13},"end":{"line":58,"column":7}}]},"8":{"loc":{"start":{"line":64,"column":2},"end":{"line":66,"column":3}},"type":"if","locations":[{"start":{"line":64,"column":2},"end":{"line":66,"column":3}}]},"9":{"loc":{"start":{"line":69,"column":4},"end":{"line":69,"column":71}},"type":"if","locations":[{"start":{"line":69,"column":4},"end":{"line":69,"column":71}}]},"10":{"loc":{"start":{"line":69,"column":8},"end":{"line":69,"column":60}},"type":"binary-expr","locations":[{"start":{"line":69,"column":8},"end":{"line":69,"column":20}},{"start":{"line":69,"column":24},"end":{"line":69,"column":60}}]},"11":{"loc":{"start":{"line":71,"column":38},"end":{"line":71,"column":57}},"type":"cond-expr","locations":[{"start":{"line":71,"column":49},"end":{"line":71,"column":52}},{"start":{"line":71,"column":55},"end":{"line":71,"column":57}}]},"12":{"loc":{"start":{"line":73,"column":4},"end":{"line":76,"column":5}},"type":"if","locations":[{"start":{"line":73,"column":4},"end":{"line":76,"column":5}}]},"13":{"loc":{"start":{"line":74,"column":6},"end":{"line":75,"column":75}},"type":"if","locations":[{"start":{"line":74,"column":6},"end":{"line":75,"column":75}},{"start":{"line":75,"column":11},"end":{"line":75,"column":75}}]},"14":{"loc":{"start":{"line":75,"column":11},"end":{"line":75,"column":75}},"type":"if","locations":[{"start":{"line":75,"column":11},"end":{"line":75,"column":75}}]},"15":{"loc":{"start":{"line":78,"column":4},"end":{"line":78,"column":59}},"type":"if","locations":[{"start":{"line":78,"column":4},"end":{"line":78,"column":59}}]},"16":{"loc":{"start":{"line":79,"column":4},"end":{"line":79,"column":54}},"type":"if","locations":[{"start":{"line":79,"column":4},"end":{"line":79,"column":54}}]},"17":{"loc":{"start":{"line":80,"column":4},"end":{"line":80,"column":85}},"type":"if","locations":[{"start":{"line":80,"column":4},"end":{"line":80,"column":85}}]},"18":{"loc":{"start":{"line":80,"column":8},"end":{"line":80,"column":49}},"type":"binary-expr","locations":[{"start":{"line":80,"column":8},"end":{"line":80,"column":24}},{"start":{"line":80,"column":28},"end":{"line":80,"column":49}}]},"19":{"loc":{"start":{"line":90,"column":2},"end":{"line":93,"column":3}},"type":"if","locations":[{"start":{"line":90,"column":2},"end":{"line":93,"column":3}}]},"20":{"loc":{"start":{"line":90,"column":6},"end":{"line":90,"column":43}},"type":"binary-expr","locations":[{"start":{"line":90,"column":6},"end":{"line":90,"column":20}},{"start":{"line":90,"column":24},"end":{"line":90,"column":43}}]},"21":{"loc":{"start":{"line":91,"column":4},"end":{"line":91,"column":59}},"type":"if","locations":[{"start":{"line":91,"column":4},"end":{"line":91,"column":59}}]},"22":{"loc":{"start":{"line":95,"column":2},"end":{"line":98,"column":3}},"type":"if","locations":[{"start":{"line":95,"column":2},"end":{"line":98,"column":3}}]},"23":{"loc":{"start":{"line":96,"column":4},"end":{"line":96,"column":50}},"type":"if","locations":[{"start":{"line":96,"column":4},"end":{"line":96,"column":50}}]},"24":{"loc":{"start":{"line":99,"column":2},"end":{"line":99,"column":82}},"type":"if","locations":[{"start":{"line":99,"column":2},"end":{"line":99,"column":82}}]},"25":{"loc":{"start":{"line":99,"column":40},"end":{"line":99,"column":81}},"type":"cond-expr","locations":[{"start":{"line":99,"column":66},"end":{"line":99,"column":71}},{"start":{"line":99,"column":74},"end":{"line":99,"column":81}}]},"26":{"loc":{"start":{"line":100,"column":2},"end":{"line":100,"column":51}},"type":"if","locations":[{"start":{"line":100,"column":2},"end":{"line":100,"column":51}}]},"27":{"loc":{"start":{"line":101,"column":2},"end":{"line":101,"column":42}},"type":"if","locations":[{"start":{"line":101,"column":2},"end":{"line":101,"column":42}}]},"28":{"loc":{"start":{"line":102,"column":2},"end":{"line":102,"column":47}},"type":"if","locations":[{"start":{"line":102,"column":2},"end":{"line":102,"column":47}}]}},"s":{"0":1,"1":5,"2":5,"3":5,"4":8,"5":17,"6":17,"7":1,"8":1,"9":1,"10":1,"11":1,"12":2,"13":1,"14":1,"15":1,"16":1,"17":1,"18":16,"19":11,"20":5,"21":0,"22":0,"23":5,"24":5,"25":3,"26":5,"27":12,"28":2,"29":0,"30":12,"31":12,"32":2,"33":1,"34":1,"35":1,"36":12,"37":1,"38":12,"39":1,"40":12,"41":0,"42":12,"43":5,"44":5,"45":11,"46":0,"47":0,"48":0,"49":11,"50":8,"51":2,"52":6,"53":3,"54":2,"55":1,"56":1,"57":0,"58":0,"59":0,"60":0,"61":0,"62":8,"63":12,"64":2},"f":{"0":5,"1":2,"2":11,"3":8,"4":12,"5":2},"b":{"0":[3],"1":[4],"2":[17,17],"3":[1],"4":[17,9,1,1,1],"5":[1],"6":[11,5],"7":[0],"8":[3],"9":[0],"10":[12,2],"11":[0,12],"12":[2],"13":[1,1],"14":[1],"15":[1],"16":[1],"17":[0],"18":[12,12],"19":[0],"20":[11,11],"21":[0],"22":[8],"23":[2],"24":[2],"25":[2,0],"26":[1],"27":[0],"28":[0]}}
}
