{"/workspaces/prisma-schema-infer/src/lib/infer.ts": {"path":"/workspaces/prisma-schema-infer/src/lib/infer.ts","statementMap":{"0":{"start":{"line":8,"column":0},"end":{"line":8,"column":16}},"1":{"start":{"line":14,"column":45},"end":{"line":14,"column":54}},"2":{"start":{"line":15,"column":19},"end":{"line":15,"column":91}},"3":{"start":{"line":16,"column":34},"end":{"line":16,"column":36}},"4":{"start":{"line":17,"column":23},"end":{"line":17,"column":37}},"5":{"start":{"line":19,"column":2},"end":{"line":61,"column":3}},"6":{"start":{"line":20,"column":4},"end":{"line":60,"column":5}},"7":{"start":{"line":21,"column":25},"end":{"line":21,"column":62}},"8":{"start":{"line":22,"column":20},"end":{"line":22,"column":47}},"9":{"start":{"line":23,"column":6},"end":{"line":23,"column":40}},"10":{"start":{"line":25,"column":6},"end":{"line":51,"column":7}},"11":{"start":{"line":32,"column":32},"end":{"line":32,"column":71}},"12":{"start":{"line":33,"column":8},"end":{"line":37,"column":11}},"13":{"start":{"line":39,"column":8},"end":{"line":49,"column":9}},"14":{"start":{"line":40,"column":10},"end":{"line":40,"column":47}},"15":{"start":{"line":41,"column":10},"end":{"line":41,"column":108}},"16":{"start":{"line":41,"column":35},"end":{"line":41,"column":108}},"17":{"start":{"line":42,"column":30},"end":{"line":42,"column":121}},"18":{"start":{"line":43,"column":28},"end":{"line":43,"column":79}},"19":{"start":{"line":44,"column":31},"end":{"line":46,"column":null}},"20":{"start":{"line":48,"column":10},"end":{"line":48,"column":43}},"21":{"start":{"line":50,"column":8},"end":{"line":50,"column":17}},"22":{"start":{"line":53,"column":6},"end":{"line":59,"column":7}},"23":{"start":{"line":54,"column":8},"end":{"line":58,"column":11}},"24":{"start":{"line":63,"column":2},"end":{"line":67,"column":3}},"25":{"start":{"line":64,"column":4},"end":{"line":66,"column":5}},"26":{"start":{"line":65,"column":6},"end":{"line":65,"column":41}},"27":{"start":{"line":69,"column":16},"end":{"line":69,"column":35}},"28":{"start":{"line":71,"column":2},"end":{"line":73,"column":3}},"29":{"start":{"line":72,"column":4},"end":{"line":72,"column":51}},"30":{"start":{"line":75,"column":2},"end":{"line":90,"column":3}},"31":{"start":{"line":76,"column":4},"end":{"line":76,"column":71}},"32":{"start":{"line":76,"column":42},"end":{"line":76,"column":59}},"33":{"start":{"line":76,"column":62},"end":{"line":76,"column":71}},"34":{"start":{"line":78,"column":18},"end":{"line":78,"column":60}},"35":{"start":{"line":80,"column":4},"end":{"line":83,"column":5}},"36":{"start":{"line":81,"column":6},"end":{"line":82,"column":75}},"37":{"start":{"line":81,"column":29},"end":{"line":81,"column":64}},"38":{"start":{"line":82,"column":11},"end":{"line":82,"column":75}},"39":{"start":{"line":82,"column":31},"end":{"line":82,"column":75}},"40":{"start":{"line":85,"column":4},"end":{"line":85,"column":59}},"41":{"start":{"line":85,"column":29},"end":{"line":85,"column":59}},"42":{"start":{"line":86,"column":4},"end":{"line":86,"column":54}},"43":{"start":{"line":86,"column":29},"end":{"line":86,"column":54}},"44":{"start":{"line":87,"column":4},"end":{"line":87,"column":85}},"45":{"start":{"line":87,"column":51},"end":{"line":87,"column":85}},"46":{"start":{"line":89,"column":4},"end":{"line":89,"column":32}},"47":{"start":{"line":92,"column":2},"end":{"line":92,"column":18}},"48":{"start":{"line":93,"column":2},"end":{"line":93,"column":59}},"49":{"start":{"line":97,"column":2},"end":{"line":100,"column":3}},"50":{"start":{"line":98,"column":4},"end":{"line":98,"column":59}},"51":{"start":{"line":98,"column":43},"end":{"line":98,"column":59}},"52":{"start":{"line":99,"column":4},"end":{"line":99,"column":18}},"53":{"start":{"line":102,"column":2},"end":{"line":105,"column":3}},"54":{"start":{"line":103,"column":4},"end":{"line":103,"column":50}},"55":{"start":{"line":103,"column":32},"end":{"line":103,"column":50}},"56":{"start":{"line":104,"column":4},"end":{"line":104,"column":20}},"57":{"start":{"line":106,"column":2},"end":{"line":106,"column":82}},"58":{"start":{"line":106,"column":33},"end":{"line":106,"column":82}},"59":{"start":{"line":107,"column":2},"end":{"line":107,"column":51}},"60":{"start":{"line":107,"column":34},"end":{"line":107,"column":51}},"61":{"start":{"line":108,"column":2},"end":{"line":108,"column":42}},"62":{"start":{"line":108,"column":28},"end":{"line":108,"column":42}},"63":{"start":{"line":109,"column":2},"end":{"line":109,"column":47}},"64":{"start":{"line":109,"column":33},"end":{"line":109,"column":47}},"65":{"start":{"line":111,"column":2},"end":{"line":111,"column":16}},"66":{"start":{"line":115,"column":2},"end":{"line":115,"column":71}},"67":{"start":{"line":119,"column":2},"end":{"line":119,"column":27}},"68":{"start":{"line":123,"column":2},"end":{"line":123,"column":52}}},"fnMap":{"0":{"name":"inferPrismaSchemaModel","decl":{"start":{"line":8,"column":16},"end":{"line":8,"column":38}},"loc":{"start":{"line":12,"column":42},"end":{"line":94,"column":1}}},"1":{"name":"(anonymous_1)","decl":{"start":{"line":76,"column":35},"end":{"line":76,"column":36}},"loc":{"start":{"line":76,"column":42},"end":{"line":76,"column":59}}},"2":{"name":"inferType","decl":{"start":{"line":96,"column":9},"end":{"line":96,"column":18}},"loc":{"start":{"line":96,"column":43},"end":{"line":112,"column":1}}},"3":{"name":"isISODateString","decl":{"start":{"line":114,"column":9},"end":{"line":114,"column":24}},"loc":{"start":{"line":114,"column":38},"end":{"line":116,"column":1}}},"4":{"name":"isSnakeCase","decl":{"start":{"line":118,"column":9},"end":{"line":118,"column":20}},"loc":{"start":{"line":118,"column":32},"end":{"line":120,"column":1}}},"5":{"name":"capitalize","decl":{"start":{"line":122,"column":9},"end":{"line":122,"column":19}},"loc":{"start":{"line":122,"column":31},"end":{"line":124,"column":1}}}},"branchMap":{"0":{"loc":{"start":{"line":11,"column":2},"end":{"line":11,"column":32}},"type":"default-arg","locations":[{"start":{"line":11,"column":30},"end":{"line":11,"column":32}}]},"1":{"loc":{"start":{"line":12,"column":2},"end":{"line":12,"column":42}},"type":"default-arg","locations":[{"start":{"line":12,"column":33},"end":{"line":12,"column":42}}]},"2":{"loc":{"start":{"line":21,"column":25},"end":{"line":21,"column":62}},"type":"binary-expr","locations":[{"start":{"line":21,"column":25},"end":{"line":21,"column":39}},{"start":{"line":21,"column":43},"end":{"line":21,"column":62}}]},"3":{"loc":{"start":{"line":22,"column":20},"end":{"line":22,"column":47}},"type":"binary-expr","locations":[{"start":{"line":22,"column":20},"end":{"line":22,"column":42}},{"start":{"line":22,"column":46},"end":{"line":22,"column":47}}]},"4":{"loc":{"start":{"line":25,"column":6},"end":{"line":51,"column":7}},"type":"if","locations":[{"start":{"line":25,"column":6},"end":{"line":51,"column":7}}]},"5":{"loc":{"start":{"line":26,"column":8},"end":{"line":30,"column":32}},"type":"binary-expr","locations":[{"start":{"line":26,"column":8},"end":{"line":26,"column":31}},{"start":{"line":27,"column":8},"end":{"line":27,"column":28}},{"start":{"line":28,"column":8},"end":{"line":28,"column":24}},{"start":{"line":29,"column":8},"end":{"line":29,"column":36}},{"start":{"line":30,"column":8},"end":{"line":30,"column":32}}]},"6":{"loc":{"start":{"line":39,"column":8},"end":{"line":49,"column":9}},"type":"if","locations":[{"start":{"line":39,"column":8},"end":{"line":49,"column":9}}]},"7":{"loc":{"start":{"line":53,"column":6},"end":{"line":59,"column":7}},"type":"if","locations":[{"start":{"line":53,"column":6},"end":{"line":59,"column":7}}]},"8":{"loc":{"start":{"line":64,"column":4},"end":{"line":66,"column":5}},"type":"if","locations":[{"start":{"line":64,"column":4},"end":{"line":66,"column":5}}]},"9":{"loc":{"start":{"line":64,"column":8},"end":{"line":64,"column":49}},"type":"binary-expr","locations":[{"start":{"line":64,"column":8},"end":{"line":64,"column":28}},{"start":{"line":64,"column":32},"end":{"line":64,"column":49}}]},"10":{"loc":{"start":{"line":71,"column":2},"end":{"line":73,"column":3}},"type":"if","locations":[{"start":{"line":71,"column":2},"end":{"line":73,"column":3}}]},"11":{"loc":{"start":{"line":76,"column":4},"end":{"line":76,"column":71}},"type":"if","locations":[{"start":{"line":76,"column":4},"end":{"line":76,"column":71}}]},"12":{"loc":{"start":{"line":76,"column":8},"end":{"line":76,"column":60}},"type":"binary-expr","locations":[{"start":{"line":76,"column":8},"end":{"line":76,"column":20}},{"start":{"line":76,"column":24},"end":{"line":76,"column":60}}]},"13":{"loc":{"start":{"line":78,"column":38},"end":{"line":78,"column":57}},"type":"cond-expr","locations":[{"start":{"line":78,"column":49},"end":{"line":78,"column":52}},{"start":{"line":78,"column":55},"end":{"line":78,"column":57}}]},"14":{"loc":{"start":{"line":80,"column":4},"end":{"line":83,"column":5}},"type":"if","locations":[{"start":{"line":80,"column":4},"end":{"line":83,"column":5}}]},"15":{"loc":{"start":{"line":81,"column":6},"end":{"line":82,"column":75}},"type":"if","locations":[{"start":{"line":81,"column":6},"end":{"line":82,"column":75}},{"start":{"line":82,"column":11},"end":{"line":82,"column":75}}]},"16":{"loc":{"start":{"line":82,"column":11},"end":{"line":82,"column":75}},"type":"if","locations":[{"start":{"line":82,"column":11},"end":{"line":82,"column":75}}]},"17":{"loc":{"start":{"line":85,"column":4},"end":{"line":85,"column":59}},"type":"if","locations":[{"start":{"line":85,"column":4},"end":{"line":85,"column":59}}]},"18":{"loc":{"start":{"line":86,"column":4},"end":{"line":86,"column":54}},"type":"if","locations":[{"start":{"line":86,"column":4},"end":{"line":86,"column":54}}]},"19":{"loc":{"start":{"line":87,"column":4},"end":{"line":87,"column":85}},"type":"if","locations":[{"start":{"line":87,"column":4},"end":{"line":87,"column":85}}]},"20":{"loc":{"start":{"line":87,"column":8},"end":{"line":87,"column":49}},"type":"binary-expr","locations":[{"start":{"line":87,"column":8},"end":{"line":87,"column":24}},{"start":{"line":87,"column":28},"end":{"line":87,"column":49}}]},"21":{"loc":{"start":{"line":97,"column":2},"end":{"line":100,"column":3}},"type":"if","locations":[{"start":{"line":97,"column":2},"end":{"line":100,"column":3}}]},"22":{"loc":{"start":{"line":97,"column":6},"end":{"line":97,"column":43}},"type":"binary-expr","locations":[{"start":{"line":97,"column":6},"end":{"line":97,"column":20}},{"start":{"line":97,"column":24},"end":{"line":97,"column":43}}]},"23":{"loc":{"start":{"line":98,"column":4},"end":{"line":98,"column":59}},"type":"if","locations":[{"start":{"line":98,"column":4},"end":{"line":98,"column":59}}]},"24":{"loc":{"start":{"line":102,"column":2},"end":{"line":105,"column":3}},"type":"if","locations":[{"start":{"line":102,"column":2},"end":{"line":105,"column":3}}]},"25":{"loc":{"start":{"line":103,"column":4},"end":{"line":103,"column":50}},"type":"if","locations":[{"start":{"line":103,"column":4},"end":{"line":103,"column":50}}]},"26":{"loc":{"start":{"line":106,"column":2},"end":{"line":106,"column":82}},"type":"if","locations":[{"start":{"line":106,"column":2},"end":{"line":106,"column":82}}]},"27":{"loc":{"start":{"line":106,"column":40},"end":{"line":106,"column":81}},"type":"cond-expr","locations":[{"start":{"line":106,"column":66},"end":{"line":106,"column":71}},{"start":{"line":106,"column":74},"end":{"line":106,"column":81}}]},"28":{"loc":{"start":{"line":107,"column":2},"end":{"line":107,"column":51}},"type":"if","locations":[{"start":{"line":107,"column":2},"end":{"line":107,"column":51}}]},"29":{"loc":{"start":{"line":108,"column":2},"end":{"line":108,"column":42}},"type":"if","locations":[{"start":{"line":108,"column":2},"end":{"line":108,"column":42}}]},"30":{"loc":{"start":{"line":109,"column":2},"end":{"line":109,"column":47}},"type":"if","locations":[{"start":{"line":109,"column":2},"end":{"line":109,"column":47}}]}},"s":{"0":1,"1":6,"2":6,"3":6,"4":6,"5":6,"6":10,"7":19,"8":19,"9":19,"10":19,"11":1,"12":1,"13":1,"14":1,"15":1,"16":2,"17":1,"18":1,"19":1,"20":1,"21":1,"22":18,"23":13,"24":6,"25":14,"26":5,"27":6,"28":6,"29":4,"30":6,"31":14,"32":2,"33":0,"34":14,"35":14,"36":2,"37":1,"38":1,"39":1,"40":14,"41":1,"42":14,"43":1,"44":14,"45":0,"46":14,"47":6,"48":6,"49":13,"50":0,"51":0,"52":0,"53":13,"54":10,"55":2,"56":8,"57":3,"58":2,"59":1,"60":1,"61":0,"62":0,"63":0,"64":0,"65":0,"66":10,"67":14,"68":2},"f":{"0":6,"1":2,"2":13,"3":10,"4":14,"5":2},"b":{"0":[4],"1":[5],"2":[19,19],"3":[19,14],"4":[1],"5":[19,9,1,1,1],"6":[1],"7":[13],"8":[5],"9":[14,5],"10":[4],"11":[0],"12":[14,2],"13":[5,9],"14":[2],"15":[1,1],"16":[1],"17":[1],"18":[1],"19":[0],"20":[14,14],"21":[0],"22":[13,13],"23":[0],"24":[10],"25":[2],"26":[2],"27":[2,0],"28":[1],"29":[0],"30":[0]}}
}
