TN:
SF:src/lib/infer.ts
FN:8,inferPrismaSchemaModel
FN:76,(anonymous_1)
FN:96,inferType
FN:114,isISODateString
FN:118,isSnakeCase
FN:122,capitalize
FNF:6
FNH:6
FNDA:6,inferPrismaSchemaModel
FNDA:2,(anonymous_1)
FNDA:13,inferType
FNDA:10,isISODateString
FNDA:14,isSnakeCase
FNDA:2,capitalize
DA:8,1
DA:14,6
DA:15,6
DA:16,6
DA:17,6
DA:19,6
DA:20,10
DA:21,19
DA:22,19
DA:23,19
DA:25,19
DA:32,1
DA:33,1
DA:39,1
DA:40,1
DA:41,2
DA:42,1
DA:43,1
DA:44,1
DA:48,1
DA:50,1
DA:53,18
DA:54,13
DA:63,6
DA:64,14
DA:65,5
DA:69,6
DA:71,6
DA:72,4
DA:75,6
DA:76,14
DA:78,14
DA:80,14
DA:81,2
DA:82,1
DA:85,14
DA:86,14
DA:87,14
DA:89,14
DA:92,6
DA:93,6
DA:97,13
DA:98,0
DA:99,0
DA:102,13
DA:103,10
DA:104,8
DA:106,3
DA:107,1
DA:108,0
DA:109,0
DA:111,0
DA:115,10
DA:119,14
DA:123,2
LF:55
LH:50
BRDA:11,0,0,4
BRDA:12,1,0,5
BRDA:21,2,0,19
BRDA:21,2,1,19
BRDA:22,3,0,19
BRDA:22,3,1,14
BRDA:25,4,0,1
BRDA:26,5,0,19
BRDA:26,5,1,9
BRDA:26,5,2,1
BRDA:26,5,3,1
BRDA:26,5,4,1
BRDA:39,6,0,1
BRDA:53,7,0,13
BRDA:64,8,0,5
BRDA:64,9,0,14
BRDA:64,9,1,5
BRDA:71,10,0,4
BRDA:76,11,0,0
BRDA:76,12,0,14
BRDA:76,12,1,2
BRDA:78,13,0,5
BRDA:78,13,1,9
BRDA:80,14,0,2
BRDA:81,15,0,1
BRDA:81,15,1,1
BRDA:82,16,0,1
BRDA:85,17,0,1
BRDA:86,18,0,1
BRDA:87,19,0,0
BRDA:87,20,0,14
BRDA:87,20,1,14
BRDA:97,21,0,0
BRDA:97,22,0,13
BRDA:97,22,1,13
BRDA:98,23,0,0
BRDA:102,24,0,10
BRDA:103,25,0,2
BRDA:106,26,0,2
BRDA:106,27,0,2
BRDA:106,27,1,0
BRDA:107,28,0,1
BRDA:108,29,0,0
BRDA:109,30,0,0
BRF:44
BRH:37
end_of_record
