TN:
SF:src/lib/infer.ts
FN:7,inferPrismaSchemaModel
FN:69,(anonymous_1)
FN:89,inferType
FN:107,isISODateString
FN:111,isSnakeCase
FN:115,capitalize
FNF:6
FNH:6
FNDA:5,inferPrismaSchemaModel
FNDA:2,(anonymous_1)
FNDA:11,inferType
FNDA:8,isISODateString
FNDA:12,isSnakeCase
FNDA:2,capitalize
DA:7,1
DA:13,5
DA:14,5
DA:16,5
DA:17,8
DA:18,17
DA:20,17
DA:27,1
DA:28,1
DA:34,1
DA:35,1
DA:36,2
DA:37,1
DA:38,1
DA:39,1
DA:43,1
DA:46,1
DA:49,16
DA:50,11
DA:55,5
DA:56,0
DA:57,0
DA:62,5
DA:64,5
DA:65,3
DA:68,5
DA:69,12
DA:71,12
DA:73,12
DA:74,2
DA:75,1
DA:78,12
DA:79,12
DA:80,12
DA:82,12
DA:85,5
DA:86,5
DA:90,11
DA:91,0
DA:92,0
DA:95,11
DA:96,8
DA:97,6
DA:99,3
DA:100,1
DA:101,0
DA:102,0
DA:104,0
DA:108,8
DA:112,12
DA:116,2
LF:51
LH:44
BRDA:10,0,0,3
BRDA:11,1,0,4
BRDA:18,2,0,17
BRDA:18,2,1,17
BRDA:20,3,0,1
BRDA:21,4,0,17
BRDA:21,4,1,9
BRDA:21,4,2,1
BRDA:21,4,3,1
BRDA:21,4,4,1
BRDA:34,5,0,1
BRDA:49,6,0,11
BRDA:49,6,1,5
BRDA:55,7,0,0
BRDA:64,8,0,3
BRDA:69,9,0,0
BRDA:69,10,0,12
BRDA:69,10,1,2
BRDA:71,11,0,0
BRDA:71,11,1,12
BRDA:73,12,0,2
BRDA:74,13,0,1
BRDA:74,13,1,1
BRDA:75,14,0,1
BRDA:78,15,0,1
BRDA:79,16,0,1
BRDA:80,17,0,0
BRDA:80,18,0,12
BRDA:80,18,1,12
BRDA:90,19,0,0
BRDA:90,20,0,11
BRDA:90,20,1,11
BRDA:91,21,0,0
BRDA:95,22,0,8
BRDA:96,23,0,2
BRDA:99,24,0,2
BRDA:99,25,0,2
BRDA:99,25,1,0
BRDA:100,26,0,1
BRDA:101,27,0,0
BRDA:102,28,0,0
BRF:41
BRH:32
end_of_record
